# 以下参数无需配置，分区脚本disk-parted.sh执行成功会将本机journal分区情况和ssdcache分区情况记录在
journalMapping = sdb:sdn1 sdc:sdn2 sdd:sdn3 sde:sdn4 sdf:sdn5 sdg:sdn6 sdh:sdo1 sdi:sdo2 sdj:sdo3 sdk:sdo4 sdl:sdo5 sdm:sdo6 
ssdcacheMapping = sdb1:sdn7 sdc:sdn8 sdd:sdn9 sde:sdn10 sdf:sdn11 sdg:sdn12 sdh:sdo7 sdi:sdo8 sdj:sdo9 sdk:sdo10 sdl:sdo11 sdm:sdo12 
journalMappingByuuid = 07f9d711-5119-4cf8-819c-b5c445bbc88c:264d0436-26d5-4ffe-8cb4-b69e9f01393a c89b41d3-5414-4d32-a1da-c94061aa7244:01c4b6bd-e09c-4ff7-bf89-baff0faad5d1 ed9ec99d-0dc1-4134-aa3a-fdb0b4326482:77520fd5-90c6-40fc-89b8-c82964e75c47 3e223be0-a97a-4619-98c3-8584e4217140:7c047d78-3c95-46a5-bc15-839380d46d25 404f8071-d595-4fab-8ee2-0a7b998cefe9:8f963bc4-34b9-419b-ae91-ec9da3bedbd7 f4df1cb1-7f3e-4a09-bfbd-472e5ff73cb5:bd3a82be-e25a-4e37-b24b-3a9167d5c84b 400a0355-0cf0-4ff5-a6d7-3e8ea08bf7d4:6742d455-669d-4fbb-90a6-759ec338b954 b49228b2-9fdc-4001-b4c4-6eff62ff0a49:14c07001-dc43-4784-8230-23127e33862d 4df03f40-c533-4a33-b5ce-843370262848:e493b67e-6d6f-466e-9c8b-325ae755c7f7 5683063c-7456-49e0-b36f-664c09de06d6:8c7f5b9d-4289-4dbf-add4-491332d26e38 7fc9f364-7661-4e52-8278-8bc42a9ff93c:69efbdab-9b53-4035-92ab-6ac36ea74181 f4111856-e53a-4d28-acb2-d0e044e7d6b8:b6f3890e-9d8a-486e-9496-b52933e40377 
ssdcacheMappingByuuid = 07f9d711-5119-4cf8-819c-b5c445bbc88c:bb019feb-ef7e-4600-a92b-43b3a19ae73c c89b41d3-5414-4d32-a1da-c94061aa7244:0272b785-3fb1-4267-9bc2-29994d60fd85 ed9ec99d-0dc1-4134-aa3a-fdb0b4326482:990110fc-0887-4083-926f-cd9cc45db121 3e223be0-a97a-4619-98c3-8584e4217140:65e5c3b5-bc8c-4417-b9dc-957a217371cb 404f8071-d595-4fab-8ee2-0a7b998cefe9:97faabda-8a13-4921-b14b-8779a40eafb7 f4df1cb1-7f3e-4a09-bfbd-472e5ff73cb5:c31a4c72-5a7e-44b4-a7a2-1fb8d4127dc3 400a0355-0cf0-4ff5-a6d7-3e8ea08bf7d4:4bb08d9d-0331-46da-bf42-4f55ced48bab b49228b2-9fdc-4001-b4c4-6eff62ff0a49:5f9ea377-3d8e-4ce2-9754-b1b3582e3821 4df03f40-c533-4a33-b5ce-843370262848:1383f56c-6b9a-44ea-b4ff-1b05ee912a04 5683063c-7456-49e0-b36f-664c09de06d6:5995bc79-dc37-4a4f-9a49-caa73d324634 7fc9f364-7661-4e52-8278-8bc42a9ff93c:8ab938fd-1191-4807-b7da-e2d68f658971 f4111856-e53a-4d28-acb2-d0e044e7d6b8:3cb105c4-f473-4f94-9500-df683fb6df8f 
# disk mapping
07f9d711-5119-4cf8-819c-b5c445bbc88c -> sdb
264d0436-26d5-4ffe-8cb4-b69e9f01393a -> sdn1
c89b41d3-5414-4d32-a1da-c94061aa7244 -> sdc
01c4b6bd-e09c-4ff7-bf89-baff0faad5d1 -> sdn2
ed9ec99d-0dc1-4134-aa3a-fdb0b4326482 -> sdd
77520fd5-90c6-40fc-89b8-c82964e75c47 -> sdn3
3e223be0-a97a-4619-98c3-8584e4217140 -> sde
7c047d78-3c95-46a5-bc15-839380d46d25 -> sdn4
404f8071-d595-4fab-8ee2-0a7b998cefe9 -> sdf
8f963bc4-34b9-419b-ae91-ec9da3bedbd7 -> sdn5
f4df1cb1-7f3e-4a09-bfbd-472e5ff73cb5 -> sdg
bd3a82be-e25a-4e37-b24b-3a9167d5c84b -> sdn6
400a0355-0cf0-4ff5-a6d7-3e8ea08bf7d4 -> sdh
6742d455-669d-4fbb-90a6-759ec338b954 -> sdo1
b49228b2-9fdc-4001-b4c4-6eff62ff0a49 -> sdi
14c07001-dc43-4784-8230-23127e33862d -> sdo2
4df03f40-c533-4a33-b5ce-843370262848 -> sdj
e493b67e-6d6f-466e-9c8b-325ae755c7f7 -> sdo3
5683063c-7456-49e0-b36f-664c09de06d6 -> sdk
8c7f5b9d-4289-4dbf-add4-491332d26e38 -> sdo4
7fc9f364-7661-4e52-8278-8bc42a9ff93c -> sdl
69efbdab-9b53-4035-92ab-6ac36ea74181 -> sdo5
f4111856-e53a-4d28-acb2-d0e044e7d6b8 -> sdm
b6f3890e-9d8a-486e-9496-b52933e40377 -> sdo6
07f9d711-5119-4cf8-819c-b5c445bbc88c -> sdb
bb019feb-ef7e-4600-a92b-43b3a19ae73c -> sdn7
c89b41d3-5414-4d32-a1da-c94061aa7244 -> sdc
0272b785-3fb1-4267-9bc2-29994d60fd85 -> sdn8
ed9ec99d-0dc1-4134-aa3a-fdb0b4326482 -> sdd
990110fc-0887-4083-926f-cd9cc45db121 -> sdn9
3e223be0-a97a-4619-98c3-8584e4217140 -> sde
65e5c3b5-bc8c-4417-b9dc-957a217371cb -> sdn10
404f8071-d595-4fab-8ee2-0a7b998cefe9 -> sdf
97faabda-8a13-4921-b14b-8779a40eafb7 -> sdn11
f4df1cb1-7f3e-4a09-bfbd-472e5ff73cb5 -> sdg
c31a4c72-5a7e-44b4-a7a2-1fb8d4127dc3 -> sdn12
400a0355-0cf0-4ff5-a6d7-3e8ea08bf7d4 -> sdh
4bb08d9d-0331-46da-bf42-4f55ced48bab -> sdo7
b49228b2-9fdc-4001-b4c4-6eff62ff0a49 -> sdi
5f9ea377-3d8e-4ce2-9754-b1b3582e3821 -> sdo8
4df03f40-c533-4a33-b5ce-843370262848 -> sdj
1383f56c-6b9a-44ea-b4ff-1b05ee912a04 -> sdo9
5683063c-7456-49e0-b36f-664c09de06d6 -> sdk
5995bc79-dc37-4a4f-9a49-caa73d324634 -> sdo10
7fc9f364-7661-4e52-8278-8bc42a9ff93c -> sdl
8ab938fd-1191-4807-b7da-e2d68f658971 -> sdo11
f4111856-e53a-4d28-acb2-d0e044e7d6b8 -> sdm
3cb105c4-f473-4f94-9500-df683fb6df8f -> sdo12
